<?xml version="1.0" encoding="utf-8"?><testsuites name="pytest tests"><testsuite name="pytest" errors="0" failures="0" skipped="0" tests="12" time="30.137" timestamp="2026-05-30T05:34:20.481323+00:00" hostname="agent-env-17b07c9b-bd6f-4619-ba78-deda509b8750"><testcase classname="backend.tests.test_iteration2_settings.TestSettings" name="test_get_settings_shape" time="5.948" /><testcase classname="backend.tests.test_iteration2_settings.TestSettings" name="test_post_updates_ollama_url_preserves_token" time="0.266" /><testcase classname="backend.tests.test_iteration2_settings.TestSettings" name="test_post_replaces_token" time="0.386" /><testcase classname="backend.tests.test_iteration2_settings.TestSettings" name="test_settings_test_probe_returns_200" time="5.113" /><testcase classname="backend.tests.test_iteration2_settings.TestRealIntegrations" name="test_docker_returns_array_no_5xx" time="0.052" /><testcase classname="backend.tests.test_iteration2_settings.TestRealIntegrations" name="test_ha_devices_unreachable_graceful" time="8.075" /><testcase classname="backend.tests.test_iteration2_settings.TestRealIntegrations" name="test_ha_devices_empty_token_returns_400" time="0.335" /><testcase classname="backend.tests.test_iteration2_settings.TestRealIntegrations" name="test_network_scan_has_pi_central" time="6.084" /><testcase classname="backend.tests.test_iteration2_settings.TestRealIntegrations" name="test_system_psutil_metrics" time="0.054" /><testcase classname="backend.tests.test_iteration2_settings.TestRealIntegrations" name="test_ollama_models_cloud_listed" time="0.083" /><testcase classname="backend.tests.test_iteration2_settings.TestRealIntegrations" name="test_ollama_chat_claude_works" time="3.366" /><testcase classname="backend.tests.test_iteration2_settings.TestPersistence" name="test_settings_persist_post_then_get" time="0.217" /></testsuite></testsuites>