<?xml version="1.0" encoding="utf-8"?><testsuites name="pytest tests"><testsuite name="pytest" errors="0" failures="1" skipped="0" tests="10" time="22.808" timestamp="2026-05-30T05:55:19.639295+00:00" hostname="agent-env-17b07c9b-bd6f-4619-ba78-deda509b8750"><testcase classname="backend.tests.test_iteration3_ssh" name="test_settings_has_ssh_fields_no_raw_password" time="1.212" /><testcase classname="backend.tests.test_iteration3_ssh" name="test_settings_update_non_secret_ssh_fields" time="0.151" /><testcase classname="backend.tests.test_iteration3_ssh" name="test_settings_ssh_password_set_toggle" time="0.205" /><testcase classname="backend.tests.test_iteration3_ssh" name="test_ssh_test_configured_true_but_fails" time="6.058" /><testcase classname="backend.tests.test_iteration3_ssh" name="test_ssh_test_not_configured" time="0.104" /><testcase classname="backend.tests.test_iteration3_ssh" name="test_terminal_exec_falls_back_to_sim" time="0.102" /><testcase classname="backend.tests.test_iteration3_ssh" name="test_terminal_exec_ssh_source_when_configured" time="6.238" /><testcase classname="backend.tests.test_iteration3_ssh" name="test_settings_test_includes_ssh" time="5.098"><failure message="AssertionError: iteration-3 spec: /api/settings/test must include 'ssh' key&#10;assert 'ssh' in {'docker': {'error': &quot;Docker daemon unreachable: Error while fetching server API version: ('Connection aborted.', FileNotFoundError(2, 'No such file or directory'))&quot;, 'ok': False}, 'ha': {'error': '', 'ok': False}, 'ollama': {'error': 'All connection attempts failed', 'ok': False}}">backend/tests/test_iteration3_ssh.py:131: in test_settings_test_includes_ssh
    assert "ssh" in d, "iteration-3 spec: /api/settings/test must include 'ssh' key"
E   AssertionError: iteration-3 spec: /api/settings/test must include 'ssh' key
E   assert 'ssh' in {'docker': {'error': "Docker daemon unreachable: Error while fetching server API version: ('Connection aborted.', FileNotFoundError(2, 'No such file or directory'))", 'ok': False}, 'ha': {'error': '', 'ok': False}, 'ollama': {'error': 'All connection attempts failed', 'ok': False}}</failure></testcase><testcase classname="backend.tests.test_iteration3_ssh" name="test_ollama_chat_still_works" time="3.362" /><testcase classname="backend.tests.test_iteration3_ssh" name="test_zzz_cleanup_ssh_password" time="0.156" /></testsuite></testsuites>