<?xml version="1.0" encoding="utf-8"?><testsuites name="pytest tests"><testsuite name="pytest" errors="0" failures="0" skipped="0" tests="20" time="4.547" timestamp="2026-05-30T05:14:50.847206+00:00" hostname="agent-env-17b07c9b-bd6f-4619-ba78-deda509b8750"><testcase classname="backend.tests.test_nexus_api" name="test_nexus_info" time="0.185" /><testcase classname="backend.tests.test_nexus_api" name="test_system_metrics" time="0.050" /><testcase classname="backend.tests.test_nexus_api" name="test_docker_list" time="0.051" /><testcase classname="backend.tests.test_nexus_api" name="test_docker_stop_and_start" time="0.207" /><testcase classname="backend.tests.test_nexus_api" name="test_docker_restart" time="0.059" /><testcase classname="backend.tests.test_nexus_api" name="test_docker_logs" time="0.050" /><testcase classname="backend.tests.test_nexus_api" name="test_docker_not_found" time="0.050" /><testcase classname="backend.tests.test_nexus_api" name="test_ha_devices" time="0.050" /><testcase classname="backend.tests.test_nexus_api" name="test_ha_toggle_light" time="0.102" /><testcase classname="backend.tests.test_nexus_api" name="test_ha_toggle_sensor_rejected" time="0.097" /><testcase classname="backend.tests.test_nexus_api" name="test_ollama_models" time="0.056" /><testcase classname="backend.tests.test_nexus_api" name="test_ollama_chat" time="2.886" /><testcase classname="backend.tests.test_nexus_api" name="test_audio_play_and_stop" time="0.101" /><testcase classname="backend.tests.test_nexus_api" name="test_audio_volume" time="0.047" /><testcase classname="backend.tests.test_nexus_api" name="test_audio_tts" time="0.052" /><testcase classname="backend.tests.test_nexus_api" name="test_network_scan" time="0.049" /><testcase classname="backend.tests.test_nexus_api" name="test_logs_list_and_clear" time="0.101" /><testcase classname="backend.tests.test_nexus_api" name="test_terminal_uptime" time="0.055" /><testcase classname="backend.tests.test_nexus_api" name="test_terminal_help" time="0.048" /><testcase classname="backend.tests.test_nexus_api" name="test_terminal_unknown" time="0.047" /></testsuite></testsuites>